[www.hasia.de/index.html]
[backblue.gif]
[fade.gif]
[index.html]
[assets.website-files.com/5c91eac717f49d00009be310/css/hasia-restaurant.9b66f509e.css]
[ajax.googleapis.com/ajax/libs/webfont/1.6.26/webfont.js]
[assets.website-files.com/5c91eac717f49d00009be310/5c93c60c04b4ddb65fbe0421_Zeichenfläche 1avatar.jpg]
[assets.website-files.com/5c91eac717f49d00009be310/5c93c68f3a9d79b303603531_Zeichenfläche 1avatar2.jpg]
[assets.website-files.com/5c91eac717f49d00009be310/5c938f9c305a73c3b4d12bc2_Ebene 2hasia.png]
[assets.website-files.com/5c91eac717f49d00009be310/5c93a0efbf62c8586ad0abf0_menuicon.png]
[assets.website-files.com/5c91eac717f49d00009be310/5c93ae052a9d421800372dd0_close.png]
[assets.website-files.com/5c91eac717f49d00009be310/5c93b26fe1dd7a2d9e4518d3_Ebene 2logo2.png]
[www.hasia.de/anfahrt-kontakt.html]
[www.hasia.de/speisekarte.html]
[assets.website-files.com/5c91eac717f49d00009be310/5cc072b59e1f67ef55808557_Down-Arrow.png]
[assets.website-files.com/5c91eac717f49d00009be310/5cc7ec1c2d982eed148eb531__DSC2382 Kopie.jpg]
[assets.website-files.com/5c91eac717f49d00009be310/5cc7eb1e2d982ea6248eb3e1__DSC2396 Kopie.jpg]
[assets.website-files.com/5c91eac717f49d00009be310/5cc811a9a2534fe0301b4a96__DSC2382.jpg]
[assets.website-files.com/5c91eac717f49d00009be310/5cc07322fc13eda8fa9d8488__DSC0553.jpg]
[assets.website-files.com/5c91eac717f49d00009be310/5cc073228018db2e3474d86d__DSC2018 Kopie.jpg]
[d3e54v103j8qbb.cloudfront.net/js/jquery-3.5.1.min.dc5e7f18c87b07.js]
[www.hasia.de/index.html]
[assets.website-files.com/5c91eac717f49d00009be310/js/hasia-restaurant.d4db732b9.js]
[assets.website-files.com/5c91eac717f49d00009be310/5c923d1e1aaad746955bafea_HIntergrund.jpg]
[assets.website-files.com/5c91eac717f49d00009be310/5c93db8d787f8f843a81326f__DSC2814.jpg]
[assets.website-files.com/5c91eac717f49d00009be310/5c93db8db65a312eb27ffdd4__DSC2840.jpg]
[assets.website-files.com/5c91eac717f49d00009be310/5cc073239e1f671c028087fc__DSC0549.jpg]
[assets.website-files.com/5c91eac717f49d00009be310/5c94d9acd5d9bd4aa4c98984__DSC2108.jpg]
[assets.website-files.com/5c91eac717f49d00009be310/5c94d9ac93140fa313c13096__DSC2759-2.jpg]
[assets.website-files.com/5c91eac717f49d00009be310/5c93db8d29229d402e8ae8e0__DSC2863.jpg]
[assets.website-files.com/5c91eac717f49d00009be310/5c94d9acd5d9bdedf2c98983__DSC2151.jpg]
[assets.website-files.com/5c91eac717f49d00009be310/5cc6b43b7c5efa7a93d9c2c3__DSC0743 Kopie.jpg]
[assets.website-files.com/5c91eac717f49d00009be310/5cc6be3c53fa1254c65dcaa6__DSC0769 Kopie.jpg]
[assets.website-files.com/5c91eac717f49d00009be310/5cc202f9ad50d98e214302f4__DSC0638 Kopie.jpg]
[assets.website-files.com/5c91eac717f49d00009be310/5cc1961fad50d9e5f6406def__DSC2136 Kopie.jpg]
[assets.website-files.com/5c91eac717f49d00009be310/5cc6b4db7c5efa11b9d9c573__DSC0743 hp.jpg]
[assets.website-files.com/5c91eac717f49d00009be310/5cc811a935baf394b786cae6__DSC2349.jpg]
[assets.website-files.com/5c91eac717f49d00009be310/5cc5c073dca801b24306e24f__DSC0626 Kopie.jpg]
[assets.website-files.com/5c91eac717f49d00009be310/5cc811aba2534f08121b4a9b__DSC2294.jpg]
[assets.website-files.com/5c91eac717f49d00009be310/5cc811aa9160ce849a0d544d__DSC2286.jpg]
[assets.website-files.com/5c91eac717f49d00009be310/5cc6c6cd0871f74feb2c1c06__DSC0771_1 Kopie.jpg]
[assets.website-files.com/5c91eac717f49d00009be310/5cc811a99160ce75cb0d5449__DSC2272 Kopie-2.jpg]
[assets.website-files.com/5c91eac717f49d00009be310/5cc7dc8535baf3fa4285e64c__DSC0766.jpg]
[assets.website-files.com/5c91eac717f49d00009be310/5cc811aa35baf363d186cae8__DSC2274.jpg]
[assets.website-files.com/5c91eac717f49d00009be310/5cc811aa35baf342ad86cae7__DSC2273.jpg]
[assets.website-files.com/5c91eac717f49d00009be310/5cc7dc8535baf3a5f885e64b__DSC2272 Kopie.jpg]
[assets.website-files.com/5c91eac717f49d00009be310/615bf37be73ca9c40de6ef3b__DSC0775.jpg]
[assets.website-files.com/5c91eac717f49d00009be310/css/hasia-restaurant.9b66f509e.css]
[www.hasia.de/anfahrt-kontakt.html]
[www.hasia.de/speisekarte.html]
[www.hasia.de/bilder]
[www.hasia.de/impressum]
[www.hasia.de/datenschutzerklaerung]
